Loading data...
  1357 days, 1143 exps, VIX 11.9-52.3

============================================================
  HERMES ROUND 3 — 2026-06-05 03:09:30
============================================================


  [1/5] R3A: Monday Only Credit Spread
  Mon 10:30 AM put spread — exploit 90.6% WR day
  Full: N=159 WR=89.3% P&L=$2036.51 Sharpe=17.38
  OOS:  N=67 WR=91.0% P&L=$928.73 Sharpe=19.68
  Blind 2025: N=39 WR=89.7% P&L=$507.4
  ALIVE
    2021: N=30 WR=93.3% P&L=$387.14
    2022: N=7 WR=71.4% P&L=$41.61
    2023: N=37 WR=86.5% P&L=$447.8
    2024: N=33 WR=90.9% P&L=$453.68
    2025: N=39 WR=89.7% P&L=$507.4
    2026: N=13 WR=92.3% P&L=$198.88
  Exit reasons:
    target: N=131 WR=100.0% P&L=$2206.82
    stop: N=16 WR=0.0% P&L=$-331.19
    15PM: N=11 WR=90.9% P&L=$146.53
    EOD: N=1 WR=100.0% P&L=$14.35

  [2/5] R3B: Wednesday Only Credit Spread
  Wed 10:30 AM put spread — 85.2% WR day
  Full: N=185 WR=83.2% P&L=$1930.98 Sharpe=11.76
  OOS:  N=70 WR=78.6% P&L=$629.16 Sharpe=8.92
  Blind 2025: N=45 WR=84.4% P&L=$487.44
  ALIVE
    2021: N=41 WR=95.1% P&L=$585.11
    2022: N=7 WR=85.7% P&L=$72.12
    2023: N=43 WR=72.1% P&L=$235.89
    2024: N=32 WR=78.1% P&L=$327.04
    2025: N=45 WR=84.4% P&L=$487.44
    2026: N=17 WR=88.2% P&L=$223.38
  Exit reasons:
    target: N=141 WR=100.0% P&L=$2365.09
    stop: N=30 WR=0.0% P&L=$-605.33
    15PM: N=13 WR=92.3% P&L=$155.02
    EOD: N=1 WR=100.0% P&L=$16.2

  [3/5] R3C: Bear Call Credit Spread
  Sell OTM calls when SPY<VWAP — bear complement to R2
  Full: N=278 WR=86.0% P&L=$3118.22 Sharpe=14.44
  OOS:  N=94 WR=85.1% P&L=$1049.53 Sharpe=13.96
  Blind 2025: N=61 WR=85.2% P&L=$666.33
  ALIVE
    2021: N=68 WR=88.2% P&L=$842.95
    2022: N=28 WR=82.1% P&L=$256.48
    2023: N=59 WR=86.4% P&L=$652.16
    2024: N=42 WR=78.6% P&L=$350.63
    2025: N=61 WR=85.2% P&L=$666.33
    2026: N=20 WR=100.0% P&L=$349.67
  Exit reasons:
    target: N=210 WR=100.0% P&L=$3481.46
    stop: N=38 WR=0.0% P&L=$-690.1
    15PM: N=30 WR=96.7% P&L=$326.86

  [4/5] R3D: R2 minus FOMC Weeks
  R2 skipping ±2d around FOMC — remove binary risk
  Full: N=455 WR=83.7% P&L=$4859.94 Sharpe=12.32
  OOS:  N=176 WR=79.5% P&L=$1701.84 Sharpe=10.08
  Blind 2025: N=105 WR=83.8% P&L=$1127.62
  ALIVE
    2021: N=96 WR=95.8% P&L=$1322.29
    2022: N=26 WR=76.9% P&L=$209.81
    2023: N=106 WR=75.5% P&L=$835.17
    2024: N=81 WR=77.8% P&L=$742.37
    2025: N=105 WR=83.8% P&L=$1127.62
    2026: N=41 WR=92.7% P&L=$622.68
  Exit reasons:
    target: N=350 WR=100.0% P&L=$5854.78
    stop: N=71 WR=0.0% P&L=$-1434.49
    15PM: N=30 WR=90.0% P&L=$382.73
    EOD: N=4 WR=100.0% P&L=$56.92

  [5/5] R3E: Iron Condor Low-VIX Wed
  Wed iron condor VIX 13-18 — range-bound capture
  Full: N=115 WR=99.1% P&L=$2882.15 Sharpe=58.22
  OOS:  N=50 WR=98.0% P&L=$1266.58 Sharpe=41.77
  Blind 2025: N=33 WR=100.0% P&L=$825.71
  ALIVE
    2021: N=22 WR=100.0% P&L=$541.38
    2022: N=1 WR=100.0% P&L=$26.86
    2023: N=26 WR=100.0% P&L=$662.58
    2024: N=23 WR=95.7% P&L=$549.29
    2025: N=33 WR=100.0% P&L=$825.71
    2026: N=10 WR=100.0% P&L=$276.33
  Exit reasons:
    target: N=108 WR=100.0% P&L=$2816.24
    3PM: N=5 WR=100.0% P&L=$81.59
    stop: N=1 WR=0.0% P&L=$-37.45
    EOD: N=1 WR=100.0% P&L=$21.77

============================================================
  ROUND 3: 5/5 survived
============================================================

  Computing R2 base portfolio...

  COMBINED PORTFOLIO (R2 + all alive R3):
  Full: N=1725 WR=85.6% P&L=$20519.93 Sharpe=14.9
  OOS:  N=662 WR=83.5% P&L=$7712.33 Sharpe=14.59
  Blind 2025: N=410 WR=85.9% P&L=$4948.8
Done.
